2025-04-22 15:18:21,622 | MainThread   | [DEBUG   ] | __init__            |: Python Info: sys.version_info(major=3, minor=11, micro=3, releaselevel='final', serial=0)
2025-04-22 15:18:21,622 | MainThread   | [DEBUG   ] | __init__            |: System Info: macOS-14.7.4-arm64-arm-64bit
2025-04-22 15:18:21,623 | MainThread   | [INFO    ] | _connect            |: Looking for Artemis Nano Peripheral Device: c0:81:04:26:a3:64
2025-04-22 15:18:26,015 | MainThread   | [INFO    ] | _connect            |: Connected to c0:81:04:26:a3:64
2025-04-22 15:19:01,434 | MainThread   | [INFO    ] | disconnect_handler  |: Disconnected from A1C0DD95-B611-6CFA-AF80-6BCF50487F59
2025-04-22 15:22:38,389 | MainThread   | [DEBUG   ] | __init__            |: Python Info: sys.version_info(major=3, minor=11, micro=3, releaselevel='final', serial=0)
2025-04-22 15:22:38,389 | MainThread   | [DEBUG   ] | __init__            |: System Info: macOS-14.7.4-arm64-arm-64bit
2025-04-22 15:22:38,389 | MainThread   | [INFO    ] | _connect            |: Looking for Artemis Nano Peripheral Device: c0:81:04:26:a3:64
2025-04-22 15:22:57,381 | MainThread   | [INFO    ] | _connect            |: Looking for Artemis Nano Peripheral Device: c0:81:04:26:a3:64
2025-04-22 15:23:43,260 | MainThread   | [INFO    ] | _connect            |: Looking for Artemis Nano Peripheral Device: c0:81:04:26:a3:64
2025-04-22 15:23:46,390 | MainThread   | [INFO    ] | _connect            |: Connected to c0:81:04:26:a3:64
2025-04-22 15:30:09,596 | MainThread   | [INFO    ] | disconnect_handler  |: Disconnected from A1C0DD95-B611-6CFA-AF80-6BCF50487F59
2025-04-22 15:31:12,442 | MainThread   | [INFO    ] | _connect            |: Looking for Artemis Nano Peripheral Device: c0:81:04:26:a3:64
2025-04-22 15:31:24,653 | MainThread   | [INFO    ] | _connect            |: Looking for Artemis Nano Peripheral Device: c0:81:04:26:a3:64
2025-04-22 15:31:27,683 | MainThread   | [INFO    ] | _connect            |: Connected to c0:81:04:26:a3:64
2025-04-22 15:32:05,757 | MainThread   | [INFO    ] | disconnect_handler  |: Disconnected from A1C0DD95-B611-6CFA-AF80-6BCF50487F59
2025-04-22 15:34:18,867 | MainThread   | [INFO    ] | _connect            |: Looking for Artemis Nano Peripheral Device: c0:81:04:26:a3:64
2025-04-22 15:34:22,075 | MainThread   | [INFO    ] | _connect            |: Connected to c0:81:04:26:a3:64
2025-04-22 15:34:56,144 | MainThread   | [INFO    ] | disconnect_handler  |: Disconnected from A1C0DD95-B611-6CFA-AF80-6BCF50487F59
2025-04-22 15:35:30,469 | MainThread   | [INFO    ] | _connect            |: Looking for Artemis Nano Peripheral Device: c0:81:04:26:a3:64
2025-04-22 15:35:33,597 | MainThread   | [INFO    ] | _connect            |: Connected to c0:81:04:26:a3:64
2025-04-22 15:35:54,465 | MainThread   | [INFO    ] | disconnect_handler  |: Disconnected from A1C0DD95-B611-6CFA-AF80-6BCF50487F59
2025-04-22 15:46:52,007 | MainThread   | [INFO    ] | _connect            |: Looking for Artemis Nano Peripheral Device: c0:81:04:26:a3:64
2025-04-22 15:46:55,000 | MainThread   | [INFO    ] | _connect            |: Connected to c0:81:04:26:a3:64
2025-04-22 15:47:34,395 | MainThread   | [INFO    ] | disconnect_handler  |: Disconnected from A1C0DD95-B611-6CFA-AF80-6BCF50487F59
2025-04-22 15:49:47,105 | MainThread   | [DEBUG   ] | __init__            |: Python Info: sys.version_info(major=3, minor=11, micro=3, releaselevel='final', serial=0)
2025-04-22 15:49:47,105 | MainThread   | [DEBUG   ] | __init__            |: System Info: macOS-14.7.4-arm64-arm-64bit
2025-04-22 15:49:47,106 | MainThread   | [INFO    ] | _connect            |: Looking for Artemis Nano Peripheral Device: c0:81:04:26:a3:64
2025-04-22 15:50:13,356 | MainThread   | [INFO    ] | _connect            |: Looking for Artemis Nano Peripheral Device: c0:81:04:26:a3:64
2025-04-22 15:50:16,782 | MainThread   | [INFO    ] | _connect            |: Connected to c0:81:04:26:a3:64
2025-04-22 15:50:56,778 | MainThread   | [INFO    ] | disconnect_handler  |: Disconnected from A1C0DD95-B611-6CFA-AF80-6BCF50487F59
2025-04-22 15:53:47,029 | MainThread   | [DEBUG   ] | __init__            |: Python Info: sys.version_info(major=3, minor=11, micro=3, releaselevel='final', serial=0)
2025-04-22 15:53:47,029 | MainThread   | [DEBUG   ] | __init__            |: System Info: macOS-14.7.4-arm64-arm-64bit
2025-04-22 15:53:47,029 | MainThread   | [INFO    ] | _connect            |: Looking for Artemis Nano Peripheral Device: c0:81:04:26:a3:64
2025-04-22 15:53:50,360 | MainThread   | [INFO    ] | _connect            |: Connected to c0:81:04:26:a3:64
2025-04-22 15:58:01,083 | MainThread   | [DEBUG   ] | __init__            |: Python Info: sys.version_info(major=3, minor=11, micro=3, releaselevel='final', serial=0)
2025-04-22 15:58:01,083 | MainThread   | [DEBUG   ] | __init__            |: System Info: macOS-14.7.4-arm64-arm-64bit
2025-04-22 15:58:01,083 | MainThread   | [INFO    ] | _connect            |: Looking for Artemis Nano Peripheral Device: c0:81:04:26:a3:64
2025-04-22 15:58:10,322 | MainThread   | [INFO    ] | _connect            |: Connected to c0:81:04:26:a3:64
2025-04-22 15:58:12,231 | MainThread   | [INFO    ] | disconnect_handler  |: Disconnected from A1C0DD95-B611-6CFA-AF80-6BCF50487F59
2025-04-22 15:58:16,961 | MainThread   | [INFO    ] | _connect            |: Looking for Artemis Nano Peripheral Device: c0:81:04:26:a3:64
2025-04-22 15:58:23,881 | MainThread   | [INFO    ] | _connect            |: Connected to c0:81:04:26:a3:64
2025-04-22 15:59:16,941 | MainThread   | [INFO    ] | disconnect_handler  |: Disconnected from A1C0DD95-B611-6CFA-AF80-6BCF50487F59
2025-04-22 16:08:32,468 | MainThread   | [DEBUG   ] | __init__            |: Python Info: sys.version_info(major=3, minor=11, micro=3, releaselevel='final', serial=0)
2025-04-22 16:08:32,470 | MainThread   | [DEBUG   ] | __init__            |: System Info: macOS-14.7.4-arm64-arm-64bit
2025-04-22 16:08:32,472 | MainThread   | [INFO    ] | _connect            |: Looking for Artemis Nano Peripheral Device: c0:81:04:26:a3:64
2025-04-22 16:08:35,660 | MainThread   | [INFO    ] | _connect            |: Connected to c0:81:04:26:a3:64
2025-04-22 16:10:46,573 | MainThread   | [INFO    ] | disconnect_handler  |: Disconnected from A1C0DD95-B611-6CFA-AF80-6BCF50487F59
2025-04-22 16:11:12,981 | MainThread   | [DEBUG   ] | __init__            |: Python Info: sys.version_info(major=3, minor=11, micro=3, releaselevel='final', serial=0)
2025-04-22 16:11:12,981 | MainThread   | [DEBUG   ] | __init__            |: System Info: macOS-14.7.4-arm64-arm-64bit
2025-04-22 16:11:12,982 | MainThread   | [INFO    ] | _connect            |: Looking for Artemis Nano Peripheral Device: c0:81:04:26:a3:64
2025-04-22 16:11:15,986 | MainThread   | [INFO    ] | _connect            |: Connected to c0:81:04:26:a3:64
2025-04-22 16:13:05,374 | MainThread   | [INFO    ] | disconnect_handler  |: Disconnected from A1C0DD95-B611-6CFA-AF80-6BCF50487F59
2025-04-22 16:13:46,514 | MainThread   | [DEBUG   ] | __init__            |: Python Info: sys.version_info(major=3, minor=11, micro=3, releaselevel='final', serial=0)
2025-04-22 16:13:46,514 | MainThread   | [DEBUG   ] | __init__            |: System Info: macOS-14.7.4-arm64-arm-64bit
2025-04-22 16:13:46,515 | MainThread   | [INFO    ] | _connect            |: Looking for Artemis Nano Peripheral Device: c0:81:04:26:a3:64
2025-04-22 16:13:49,511 | MainThread   | [INFO    ] | _connect            |: Connected to c0:81:04:26:a3:64
2025-04-22 16:15:44,253 | MainThread   | [DEBUG   ] | __init__            |: Python Info: sys.version_info(major=3, minor=11, micro=3, releaselevel='final', serial=0)
2025-04-22 16:15:44,253 | MainThread   | [DEBUG   ] | __init__            |: System Info: macOS-14.7.4-arm64-arm-64bit
2025-04-22 16:15:44,253 | MainThread   | [INFO    ] | _connect            |: Looking for Artemis Nano Peripheral Device: c0:81:04:26:a3:64
2025-04-22 16:15:47,566 | MainThread   | [INFO    ] | _connect            |: Connected to c0:81:04:26:a3:64
2025-04-22 16:17:16,895 | MainThread   | [DEBUG   ] | __init__            |: Python Info: sys.version_info(major=3, minor=11, micro=3, releaselevel='final', serial=0)
2025-04-22 16:17:16,895 | MainThread   | [DEBUG   ] | __init__            |: System Info: macOS-14.7.4-arm64-arm-64bit
2025-04-22 16:17:16,896 | MainThread   | [INFO    ] | _connect            |: Looking for Artemis Nano Peripheral Device: c0:81:04:26:a3:64
2025-04-22 16:17:21,890 | MainThread   | [INFO    ] | _connect            |: Connected to c0:81:04:26:a3:64
2025-04-22 16:19:35,292 | MainThread   | [INFO    ] | disconnect_handler  |: Disconnected from A1C0DD95-B611-6CFA-AF80-6BCF50487F59
2025-04-28 11:33:36,233 | MainThread   | [DEBUG   ] | __init__            |: Python Info: sys.version_info(major=3, minor=11, micro=3, releaselevel='final', serial=0)
2025-04-28 11:33:36,233 | MainThread   | [DEBUG   ] | __init__            |: System Info: macOS-14.7.4-arm64-arm-64bit
2025-04-28 11:33:36,233 | MainThread   | [INFO    ] | _connect            |: Looking for Artemis Nano Peripheral Device: c0:81:04:26:a3:64
2025-04-28 11:33:39,305 | MainThread   | [INFO    ] | _connect            |: Connected to c0:81:04:26:a3:64
2025-04-28 11:38:05,615 | MainThread   | [INFO    ] | disconnect_handler  |: Disconnected from A1C0DD95-B611-6CFA-AF80-6BCF50487F59
2025-04-28 11:38:40,064 | MainThread   | [INFO    ] | _connect            |: Looking for Artemis Nano Peripheral Device: c0:81:04:26:a3:64
2025-04-28 11:38:42,913 | MainThread   | [INFO    ] | _connect            |: Connected to c0:81:04:26:a3:64
2025-04-28 11:39:38,465 | MainThread   | [INFO    ] | disconnect_handler  |: Disconnected from A1C0DD95-B611-6CFA-AF80-6BCF50487F59
2025-04-28 11:41:35,990 | MainThread   | [INFO    ] | _connect            |: Looking for Artemis Nano Peripheral Device: c0:81:04:26:a3:64
2025-04-28 11:41:39,471 | MainThread   | [INFO    ] | _connect            |: Connected to c0:81:04:26:a3:64
2025-04-28 11:42:26,619 | MainThread   | [INFO    ] | disconnect_handler  |: Disconnected from A1C0DD95-B611-6CFA-AF80-6BCF50487F59
2025-04-28 11:42:46,749 | MainThread   | [INFO    ] | _connect            |: Looking for Artemis Nano Peripheral Device: c0:81:04:26:a3:64
2025-04-28 11:42:49,671 | MainThread   | [INFO    ] | _connect            |: Connected to c0:81:04:26:a3:64
2025-04-28 11:43:58,662 | MainThread   | [INFO    ] | disconnect_handler  |: Disconnected from A1C0DD95-B611-6CFA-AF80-6BCF50487F59
2025-04-28 11:45:11,043 | MainThread   | [INFO    ] | _connect            |: Looking for Artemis Nano Peripheral Device: c0:81:04:26:a3:64
2025-04-28 11:45:16,195 | MainThread   | [INFO    ] | _connect            |: Connected to c0:81:04:26:a3:64
2025-04-28 11:46:09,077 | MainThread   | [INFO    ] | disconnect_handler  |: Disconnected from A1C0DD95-B611-6CFA-AF80-6BCF50487F59
2025-04-28 11:49:17,779 | MainThread   | [INFO    ] | _connect            |: Looking for Artemis Nano Peripheral Device: c0:81:04:26:a3:64
2025-04-28 11:49:20,702 | MainThread   | [INFO    ] | _connect            |: Connected to c0:81:04:26:a3:64
2025-04-28 11:51:29,847 | MainThread   | [INFO    ] | disconnect_handler  |: Disconnected from A1C0DD95-B611-6CFA-AF80-6BCF50487F59
2025-04-28 12:00:15,450 | MainThread   | [INFO    ] | _connect            |: Looking for Artemis Nano Peripheral Device: c0:81:04:26:a3:64
2025-04-28 12:00:18,366 | MainThread   | [INFO    ] | _connect            |: Connected to c0:81:04:26:a3:64
2025-04-28 12:10:22,801 | MainThread   | [INFO    ] | disconnect_handler  |: Disconnected from A1C0DD95-B611-6CFA-AF80-6BCF50487F59
2025-04-28 12:11:12,166 | MainThread   | [INFO    ] | _connect            |: Looking for Artemis Nano Peripheral Device: c0:81:04:26:a3:64
2025-04-28 12:11:16,123 | MainThread   | [INFO    ] | _connect            |: Connected to c0:81:04:26:a3:64
2025-04-28 12:12:46,295 | MainThread   | [INFO    ] | disconnect_handler  |: Disconnected from A1C0DD95-B611-6CFA-AF80-6BCF50487F59
2025-04-28 12:14:27,923 | MainThread   | [INFO    ] | _connect            |: Looking for Artemis Nano Peripheral Device: c0:81:04:26:a3:64
2025-04-28 12:14:30,979 | MainThread   | [INFO    ] | _connect            |: Connected to c0:81:04:26:a3:64
2025-04-28 12:15:35,259 | MainThread   | [INFO    ] | disconnect_handler  |: Disconnected from A1C0DD95-B611-6CFA-AF80-6BCF50487F59
2025-04-28 12:16:20,931 | MainThread   | [INFO    ] | _connect            |: Looking for Artemis Nano Peripheral Device: c0:81:04:26:a3:64
2025-04-28 12:16:24,323 | MainThread   | [INFO    ] | _connect            |: Connected to c0:81:04:26:a3:64
2025-04-28 12:17:01,935 | MainThread   | [INFO    ] | disconnect_handler  |: Disconnected from A1C0DD95-B611-6CFA-AF80-6BCF50487F59
2025-04-28 14:06:41,240 | MainThread   | [INFO    ] | _connect            |: Looking for Artemis Nano Peripheral Device: c0:81:04:26:a3:64
2025-05-13 23:02:15,923 | MainThread   | [DEBUG   ] | __init__            |: Python Info: sys.version_info(major=3, minor=11, micro=3, releaselevel='final', serial=0)
2025-05-13 23:02:15,923 | MainThread   | [DEBUG   ] | __init__            |: System Info: macOS-14.7.4-arm64-arm-64bit
2025-05-13 23:02:15,923 | MainThread   | [INFO    ] | _connect            |: Looking for Artemis Nano Peripheral Device: c0:81:04:26:a3:64
2025-05-13 23:02:19,282 | MainThread   | [INFO    ] | _connect            |: Looking for Artemis Nano Peripheral Device: c0:81:04:26:a3:64
2025-05-13 23:02:22,152 | MainThread   | [INFO    ] | _connect            |: Connected to c0:81:04:26:a3:64
2025-05-13 23:02:58,484 | MainThread   | [INFO    ] | _connect            |: Already connected to a BLE device
2025-05-13 23:05:05,467 | MainThread   | [INFO    ] | _connect            |: Already connected to a BLE device
2025-05-13 23:05:33,820 | MainThread   | [INFO    ] | disconnect_handler  |: Disconnected from A1C0DD95-B611-6CFA-AF80-6BCF50487F59
2025-05-13 23:08:00,616 | MainThread   | [INFO    ] | _connect            |: Looking for Artemis Nano Peripheral Device: c0:81:04:26:a3:64
2025-05-13 23:08:04,012 | MainThread   | [INFO    ] | _connect            |: Connected to c0:81:04:26:a3:64
2025-05-13 23:20:05,624 | MainThread   | [INFO    ] | disconnect_handler  |: Disconnected from A1C0DD95-B611-6CFA-AF80-6BCF50487F59
2025-05-13 23:21:35,391 | MainThread   | [INFO    ] | _connect            |: Looking for Artemis Nano Peripheral Device: c0:81:04:26:a3:64
2025-05-13 23:21:38,368 | MainThread   | [INFO    ] | _connect            |: Connected to c0:81:04:26:a3:64
2025-05-13 23:22:18,171 | MainThread   | [INFO    ] | disconnect_handler  |: Disconnected from A1C0DD95-B611-6CFA-AF80-6BCF50487F59
2025-05-13 23:41:42,496 | MainThread   | [INFO    ] | _connect            |: Looking for Artemis Nano Peripheral Device: c0:81:04:26:a3:64
2025-05-13 23:41:45,415 | MainThread   | [INFO    ] | _connect            |: Connected to c0:81:04:26:a3:64
2025-05-13 23:44:51,653 | MainThread   | [INFO    ] | _connect            |: Already connected to a BLE device
2025-05-13 23:45:11,128 | MainThread   | [INFO    ] | disconnect_handler  |: Disconnected from A1C0DD95-B611-6CFA-AF80-6BCF50487F59
2025-05-13 23:45:14,004 | MainThread   | [INFO    ] | _connect            |: Looking for Artemis Nano Peripheral Device: c0:81:04:26:a3:64
2025-05-13 23:45:19,708 | MainThread   | [INFO    ] | _connect            |: Connected to c0:81:04:26:a3:64
2025-05-13 23:50:47,070 | MainThread   | [INFO    ] | disconnect_handler  |: Disconnected from A1C0DD95-B611-6CFA-AF80-6BCF50487F59
2025-05-13 23:50:51,525 | MainThread   | [INFO    ] | _connect            |: Looking for Artemis Nano Peripheral Device: c0:81:04:26:a3:64
2025-05-13 23:50:54,968 | MainThread   | [INFO    ] | _connect            |: Connected to c0:81:04:26:a3:64
2025-05-13 23:51:29,263 | MainThread   | [INFO    ] | disconnect_handler  |: Disconnected from A1C0DD95-B611-6CFA-AF80-6BCF50487F59
2025-05-14 00:06:03,340 | MainThread   | [INFO    ] | _connect            |: Looking for Artemis Nano Peripheral Device: c0:81:04:26:a3:64
2025-05-14 00:06:21,920 | MainThread   | [INFO    ] | _connect            |: Looking for Artemis Nano Peripheral Device: c0:81:04:26:a3:64
2025-05-14 00:07:15,591 | MainThread   | [INFO    ] | _connect            |: Looking for Artemis Nano Peripheral Device: c0:81:04:26:a3:64
2025-05-14 00:07:20,536 | MainThread   | [INFO    ] | _connect            |: Connected to c0:81:04:26:a3:64
2025-05-14 00:09:05,655 | MainThread   | [INFO    ] | disconnect_handler  |: Disconnected from A1C0DD95-B611-6CFA-AF80-6BCF50487F59
2025-05-14 00:18:30,434 | MainThread   | [INFO    ] | _connect            |: Looking for Artemis Nano Peripheral Device: c0:81:04:26:a3:64
2025-05-14 00:18:43,385 | MainThread   | [INFO    ] | _connect            |: Looking for Artemis Nano Peripheral Device: c0:81:04:26:a3:64
2025-05-14 00:18:46,511 | MainThread   | [INFO    ] | _connect            |: Connected to c0:81:04:26:a3:64
2025-05-14 00:21:12,457 | MainThread   | [INFO    ] | disconnect_handler  |: Disconnected from A1C0DD95-B611-6CFA-AF80-6BCF50487F59
2025-05-14 13:07:50,085 | MainThread   | [INFO    ] | _connect            |: Looking for Artemis Nano Peripheral Device: c0:81:04:26:a3:64
2025-05-14 13:07:53,049 | MainThread   | [INFO    ] | _connect            |: Connected to c0:81:04:26:a3:64
2025-05-14 13:08:13,321 | MainThread   | [INFO    ] | disconnect_handler  |: Disconnected from A1C0DD95-B611-6CFA-AF80-6BCF50487F59
2025-05-14 13:08:30,367 | MainThread   | [INFO    ] | _connect            |: Looking for Artemis Nano Peripheral Device: c0:81:04:26:a3:64
2025-05-14 13:08:34,060 | MainThread   | [INFO    ] | _connect            |: Connected to c0:81:04:26:a3:64
2025-05-14 13:09:59,402 | MainThread   | [INFO    ] | disconnect_handler  |: Disconnected from A1C0DD95-B611-6CFA-AF80-6BCF50487F59
2025-05-14 13:14:58,972 | MainThread   | [INFO    ] | _connect            |: Looking for Artemis Nano Peripheral Device: c0:81:04:26:a3:64
2025-05-14 13:15:05,961 | MainThread   | [INFO    ] | _connect            |: Connected to c0:81:04:26:a3:64
2025-05-14 13:15:19,548 | MainThread   | [INFO    ] | disconnect_handler  |: Disconnected from A1C0DD95-B611-6CFA-AF80-6BCF50487F59
2025-05-14 13:17:48,298 | MainThread   | [INFO    ] | _connect            |: Looking for Artemis Nano Peripheral Device: c0:81:04:26:a3:64
2025-05-14 13:17:51,685 | MainThread   | [INFO    ] | _connect            |: Connected to c0:81:04:26:a3:64
2025-05-14 13:18:09,373 | MainThread   | [INFO    ] | disconnect_handler  |: Disconnected from A1C0DD95-B611-6CFA-AF80-6BCF50487F59
2025-05-14 13:20:21,873 | MainThread   | [INFO    ] | _connect            |: Looking for Artemis Nano Peripheral Device: c0:81:04:26:a3:64
2025-05-14 13:20:24,960 | MainThread   | [INFO    ] | _connect            |: Connected to c0:81:04:26:a3:64
2025-05-14 13:21:35,841 | MainThread   | [INFO    ] | disconnect_handler  |: Disconnected from A1C0DD95-B611-6CFA-AF80-6BCF50487F59
2025-05-14 13:22:32,024 | MainThread   | [INFO    ] | _connect            |: Looking for Artemis Nano Peripheral Device: c0:81:04:26:a3:64
2025-05-14 13:22:40,983 | MainThread   | [INFO    ] | _connect            |: Connected to c0:81:04:26:a3:64
2025-05-14 13:23:05,363 | MainThread   | [INFO    ] | disconnect_handler  |: Disconnected from A1C0DD95-B611-6CFA-AF80-6BCF50487F59
2025-05-14 13:24:12,743 | MainThread   | [INFO    ] | _connect            |: Looking for Artemis Nano Peripheral Device: c0:81:04:26:a3:64
2025-05-14 13:24:15,818 | MainThread   | [INFO    ] | _connect            |: Connected to c0:81:04:26:a3:64
2025-05-14 13:24:48,745 | MainThread   | [INFO    ] | disconnect_handler  |: Disconnected from A1C0DD95-B611-6CFA-AF80-6BCF50487F59
2025-05-14 13:26:56,337 | MainThread   | [INFO    ] | _connect            |: Looking for Artemis Nano Peripheral Device: c0:81:04:26:a3:64
2025-05-14 13:27:00,609 | MainThread   | [INFO    ] | _connect            |: Connected to c0:81:04:26:a3:64
2025-05-14 13:27:55,830 | MainThread   | [INFO    ] | disconnect_handler  |: Disconnected from A1C0DD95-B611-6CFA-AF80-6BCF50487F59
2025-05-14 13:28:27,343 | MainThread   | [INFO    ] | _connect            |: Looking for Artemis Nano Peripheral Device: c0:81:04:26:a3:64
2025-05-14 13:28:30,490 | MainThread   | [INFO    ] | _connect            |: Connected to c0:81:04:26:a3:64
2025-05-14 13:29:23,821 | MainThread   | [INFO    ] | disconnect_handler  |: Disconnected from A1C0DD95-B611-6CFA-AF80-6BCF50487F59
2025-05-14 13:31:11,641 | MainThread   | [INFO    ] | _connect            |: Looking for Artemis Nano Peripheral Device: c0:81:04:26:a3:64
2025-05-14 13:31:16,575 | MainThread   | [INFO    ] | _connect            |: Connected to c0:81:04:26:a3:64
2025-05-14 13:31:58,656 | MainThread   | [INFO    ] | disconnect_handler  |: Disconnected from A1C0DD95-B611-6CFA-AF80-6BCF50487F59
2025-05-14 13:40:38,262 | MainThread   | [INFO    ] | _connect            |: Looking for Artemis Nano Peripheral Device: c0:81:04:26:a3:64
2025-05-14 13:40:41,309 | MainThread   | [INFO    ] | _connect            |: Connected to c0:81:04:26:a3:64
2025-05-14 13:41:55,761 | MainThread   | [INFO    ] | disconnect_handler  |: Disconnected from A1C0DD95-B611-6CFA-AF80-6BCF50487F59
2025-05-14 13:44:10,478 | MainThread   | [INFO    ] | _connect            |: Looking for Artemis Nano Peripheral Device: c0:81:04:26:a3:64
2025-05-14 13:44:13,476 | MainThread   | [INFO    ] | _connect            |: Connected to c0:81:04:26:a3:64
2025-05-14 13:46:06,961 | MainThread   | [INFO    ] | disconnect_handler  |: Disconnected from A1C0DD95-B611-6CFA-AF80-6BCF50487F59
2025-05-14 13:49:25,755 | MainThread   | [INFO    ] | _connect            |: Looking for Artemis Nano Peripheral Device: c0:81:04:26:a3:64
2025-05-14 13:49:28,700 | MainThread   | [INFO    ] | _connect            |: Connected to c0:81:04:26:a3:64
2025-05-14 13:51:52,457 | MainThread   | [INFO    ] | disconnect_handler  |: Disconnected from A1C0DD95-B611-6CFA-AF80-6BCF50487F59
2025-05-14 13:53:26,979 | MainThread   | [INFO    ] | _connect            |: Looking for Artemis Nano Peripheral Device: c0:81:04:26:a3:64
2025-05-14 13:53:38,131 | MainThread   | [INFO    ] | _connect            |: Connected to c0:81:04:26:a3:64
2025-05-14 13:56:20,340 | MainThread   | [INFO    ] | disconnect_handler  |: Disconnected from A1C0DD95-B611-6CFA-AF80-6BCF50487F59
2025-05-14 13:56:59,670 | MainThread   | [INFO    ] | _connect            |: Looking for Artemis Nano Peripheral Device: c0:81:04:26:a3:64
2025-05-14 13:57:02,771 | MainThread   | [INFO    ] | _connect            |: Connected to c0:81:04:26:a3:64
2025-05-14 14:02:18,005 | MainThread   | [INFO    ] | disconnect_handler  |: Disconnected from A1C0DD95-B611-6CFA-AF80-6BCF50487F59
2025-05-14 14:07:38,878 | MainThread   | [INFO    ] | _connect            |: Looking for Artemis Nano Peripheral Device: c0:81:04:26:a3:64
2025-05-14 14:07:42,341 | MainThread   | [INFO    ] | _connect            |: Connected to c0:81:04:26:a3:64
2025-05-14 14:08:00,629 | MainThread   | [INFO    ] | disconnect_handler  |: Disconnected from A1C0DD95-B611-6CFA-AF80-6BCF50487F59
